2019-10-16 13:38:40,749 [Worker-0: Loading available Gradle versions] INFO  o.e.b.c.i.u.g.PublishedGradleVersions - Gradle version information cache is up-to-date. Trying to read.
2019-10-16 13:40:22,846 [Worker-7: Importing Maven projects] INFO  o.e.m.c.i.e.AbstractTransferListenerAdapter - Downloading https://repo.maven.apache.org/maven2/org/apache/maven/plugins/maven-jar-plugin/2.4/maven-jar-plugin-2.4.jar
2019-10-16 13:40:25,425 [Worker-6: reload maven project] WARN  o.e.m.c.i.embedder.EclipseLogger - The POM for com.github.pagehelper:pagehelper:jar:3.4.2-fix is missing, no dependency information available
2019-10-16 13:40:26,221 [Worker-6: reload maven project] WARN  o.e.m.c.i.embedder.EclipseLogger - The POM for com.github.pagehelper:pagehelper:jar:3.4.2-fix is missing, no dependency information available
2019-10-16 13:40:37,456 [Worker-7: Importing Maven projects] INFO  o.e.m.c.i.e.AbstractTransferListenerAdapter - Downloaded https://repo.maven.apache.org/maven2/org/apache/maven/plugins/maven-jar-plugin/2.4/maven-jar-plugin-2.4.jar
2019-10-16 13:40:38,801 [Worker-7: Importing Maven projects] INFO  o.e.m.c.i.e.AbstractTransferListenerAdapter - Downloading https://repo.maven.apache.org/maven2/junit/junit/3.8.2/junit-3.8.2.jar
2019-10-16 13:43:20,266 [Worker-8: reload maven project] WARN  o.e.m.c.i.embedder.EclipseLogger - The POM for com.github.pagehelper:pagehelper:jar:3.4.2-fix is missing, no dependency information available
2019-10-16 13:43:20,305 [Worker-8: reload maven project] WARN  o.e.m.c.i.embedder.EclipseLogger - The POM for jwSystem:jw-common:jar:0.0.1-SNAPSHOT is missing, no dependency information available
2019-10-16 13:43:21,147 [Worker-8: reload maven project] WARN  o.e.m.c.i.embedder.EclipseLogger - The POM for com.github.pagehelper:pagehelper:jar:3.4.2-fix is missing, no dependency information available
2019-10-16 13:43:21,162 [Worker-8: reload maven project] WARN  o.e.m.c.i.embedder.EclipseLogger - The POM for jwSystem:jw-common:jar:0.0.1-SNAPSHOT is missing, no dependency information available
2019-10-16 13:43:54,349 [Worker-8: reload maven project] WARN  o.e.m.c.i.embedder.EclipseLogger - The POM for com.github.pagehelper:pagehelper:jar:3.4.2-fix is missing, no dependency information available
2019-10-16 13:43:54,993 [Worker-8: reload maven project] WARN  o.e.m.c.i.embedder.EclipseLogger - The POM for com.github.pagehelper:pagehelper:jar:3.4.2-fix is missing, no dependency information available
2019-10-17 14:43:44,253 [main] ERROR o.e.m2e.editor.pom.MavenPomEditor - Cannot determine URI for '/jw-project/pom.xml'.
org.eclipse.ui.PartInitException: Cannot determine URI for '/jw-project/pom.xml'.
	at org.eclipse.ui.texteditor.AbstractTextEditor.internalInit(AbstractTextEditor.java:3252) ~[org.eclipse.ui.workbench.texteditor_3.9.100.v20141023-1946.jar:na]
	at org.eclipse.ui.texteditor.AbstractTextEditor.init(AbstractTextEditor.java:3265) ~[org.eclipse.ui.workbench.texteditor_3.9.100.v20141023-1946.jar:na]
	at org.eclipse.wst.sse.ui.StructuredTextEditor.init(StructuredTextEditor.java:2620) ~[org.eclipse.wst.sse.ui_1.3.401.v201510130005.jar:na]
	at org.eclipse.ui.part.MultiPageEditorPart.addPage(MultiPageEditorPart.java:240) [org.eclipse.ui.workbench_3.107.1.v20160120-2131.jar:na]
	at org.eclipse.ui.forms.editor.FormEditor.addPage(FormEditor.java:325) [org.eclipse.ui.forms_3.6.200.v20150506-2029.jar:na]
	at org.eclipse.ui.part.MultiPageEditorPart.addPage(MultiPageEditorPart.java:214) [org.eclipse.ui.workbench_3.107.1.v20160120-2131.jar:na]
	at org.eclipse.ui.forms.editor.FormEditor.addPage(FormEditor.java:308) [org.eclipse.ui.forms_3.6.200.v20150506-2029.jar:na]
	at org.eclipse.m2e.editor.pom.MavenPomEditor.addSourcePage(MavenPomEditor.java:618) [org.eclipse.m2e.editor_1.6.2.20150902-0002.jar:na]
	at org.eclipse.m2e.editor.pom.MavenPomEditor.addPages(MavenPomEditor.java:353) [org.eclipse.m2e.editor_1.6.2.20150902-0002.jar:na]
	at org.eclipse.ui.forms.editor.FormEditor.createPages(FormEditor.java:138) [org.eclipse.ui.forms_3.6.200.v20150506-2029.jar:na]
	at org.eclipse.ui.part.MultiPageEditorPart.createPartControl(MultiPageEditorPart.java:363) [org.eclipse.ui.workbench_3.107.1.v20160120-2131.jar:na]
	at org.eclipse.ui.internal.e4.compatibility.CompatibilityPart.createPartControl(CompatibilityPart.java:151) [org.eclipse.ui.workbench_3.107.1.v20160120-2131.jar:na]
	at org.eclipse.ui.internal.e4.compatibility.CompatibilityEditor.createPartControl(CompatibilityEditor.java:99) [org.eclipse.ui.workbench_3.107.1.v20160120-2131.jar:na]
	at org.eclipse.ui.internal.e4.compatibility.CompatibilityPart.create(CompatibilityPart.java:341) [org.eclipse.ui.workbench_3.107.1.v20160120-2131.jar:na]
	at sun.reflect.NativeMethodAccessorImpl.invoke0(Native Method) ~[na:1.8.0_201]
	at sun.reflect.NativeMethodAccessorImpl.invoke(Unknown Source) ~[na:1.8.0_201]
	at sun.reflect.DelegatingMethodAccessorImpl.invoke(Unknown Source) ~[na:1.8.0_201]
	at java.lang.reflect.Method.invoke(Unknown Source) ~[na:1.8.0_201]
	at org.eclipse.e4.core.internal.di.MethodRequestor.execute(MethodRequestor.java:56) [org.eclipse.e4.core.di_1.5.0.v20150421-2214.jar:na]
	at org.eclipse.e4.core.internal.di.InjectorImpl.processAnnotated(InjectorImpl.java:898) [org.eclipse.e4.core.di_1.5.0.v20150421-2214.jar:na]
	at org.eclipse.e4.core.internal.di.InjectorImpl.processAnnotated(InjectorImpl.java:879) [org.eclipse.e4.core.di_1.5.0.v20150421-2214.jar:na]
	at org.eclipse.e4.core.internal.di.InjectorImpl.inject(InjectorImpl.java:121) [org.eclipse.e4.core.di_1.5.0.v20150421-2214.jar:na]
	at org.eclipse.e4.core.internal.di.InjectorImpl.internalMake(InjectorImpl.java:345) [org.eclipse.e4.core.di_1.5.0.v20150421-2214.jar:na]
	at org.eclipse.e4.core.internal.di.InjectorImpl.make(InjectorImpl.java:264) [org.eclipse.e4.core.di_1.5.0.v20150421-2214.jar:na]
	at org.eclipse.e4.core.contexts.ContextInjectionFactory.make(ContextInjectionFactory.java:162) [org.eclipse.e4.core.contexts_1.4.0.v20150828-0818.jar:na]
	at org.eclipse.e4.ui.internal.workbench.ReflectionContributionFactory.createFromBundle(ReflectionContributionFactory.java:104) [org.eclipse.e4.ui.workbench_1.3.1.v20160203-0951.jar:na]
	at org.eclipse.e4.ui.internal.workbench.ReflectionContributionFactory.doCreate(ReflectionContributionFactory.java:73) [org.eclipse.e4.ui.workbench_1.3.1.v20160203-0951.jar:na]
	at org.eclipse.e4.ui.internal.workbench.ReflectionContributionFactory.create(ReflectionContributionFactory.java:55) [org.eclipse.e4.ui.workbench_1.3.1.v20160203-0951.jar:na]
	at org.eclipse.e4.ui.workbench.renderers.swt.ContributedPartRenderer.createWidget(ContributedPartRenderer.java:129) [org.eclipse.e4.ui.workbench.renderers.swt_0.13.0.v20150901-1347.jar:na]
	at org.eclipse.e4.ui.internal.workbench.swt.PartRenderingEngine.createWidget(PartRenderingEngine.java:971) [org.eclipse.e4.ui.workbench.swt_0.13.0.v20150504-0621.jar:na]
	at org.eclipse.e4.ui.internal.workbench.swt.PartRenderingEngine.safeCreateGui(PartRenderingEngine.java:640) [org.eclipse.e4.ui.workbench.swt_0.13.0.v20150504-0621.jar:na]
	at org.eclipse.e4.ui.internal.workbench.swt.PartRenderingEngine.safeCreateGui(PartRenderingEngine.java:746) [org.eclipse.e4.ui.workbench.swt_0.13.0.v20150504-0621.jar:na]
	at org.eclipse.e4.ui.internal.workbench.swt.PartRenderingEngine.access$0(PartRenderingEngine.java:717) [org.eclipse.e4.ui.workbench.swt_0.13.0.v20150504-0621.jar:na]
	at org.eclipse.e4.ui.internal.workbench.swt.PartRenderingEngine$2.run(PartRenderingEngine.java:711) [org.eclipse.e4.ui.workbench.swt_0.13.0.v20150504-0621.jar:na]
	at org.eclipse.core.runtime.SafeRunner.run(SafeRunner.java:42) [org.eclipse.equinox.common_3.7.0.v20150402-1709.jar:na]
	at org.eclipse.e4.ui.internal.workbench.swt.PartRenderingEngine.createGui(PartRenderingEngine.java:695) [org.eclipse.e4.ui.workbench.swt_0.13.0.v20150504-0621.jar:na]
	at org.eclipse.e4.ui.workbench.renderers.swt.StackRenderer.showTab(StackRenderer.java:1306) [org.eclipse.e4.ui.workbench.renderers.swt_0.13.0.v20150901-1347.jar:na]
	at org.eclipse.e4.ui.workbench.renderers.swt.LazyStackRenderer.postProcess(LazyStackRenderer.java:103) [org.eclipse.e4.ui.workbench.renderers.swt_0.13.0.v20150901-1347.jar:na]
	at org.eclipse.e4.ui.internal.workbench.swt.PartRenderingEngine.safeCreateGui(PartRenderingEngine.java:658) [org.eclipse.e4.ui.workbench.swt_0.13.0.v20150504-0621.jar:na]
	at org.eclipse.e4.ui.internal.workbench.swt.PartRenderingEngine.safeCreateGui(PartRenderingEngine.java:746) [org.eclipse.e4.ui.workbench.swt_0.13.0.v20150504-0621.jar:na]
	at org.eclipse.e4.ui.internal.workbench.swt.PartRenderingEngine.access$0(PartRenderingEngine.java:717) [org.eclipse.e4.ui.workbench.swt_0.13.0.v20150504-0621.jar:na]
	at org.eclipse.e4.ui.internal.workbench.swt.PartRenderingEngine$2.run(PartRenderingEngine.java:711) [org.eclipse.e4.ui.workbench.swt_0.13.0.v20150504-0621.jar:na]
	at org.eclipse.core.runtime.SafeRunner.run(SafeRunner.java:42) [org.eclipse.equinox.common_3.7.0.v20150402-1709.jar:na]
	at org.eclipse.e4.ui.internal.workbench.swt.PartRenderingEngine.createGui(PartRenderingEngine.java:695) [org.eclipse.e4.ui.workbench.swt_0.13.0.v20150504-0621.jar:na]
	at org.eclipse.e4.ui.workbench.renderers.swt.SWTPartRenderer.processContents(SWTPartRenderer.java:71) [org.eclipse.e4.ui.workbench.renderers.swt_0.13.0.v20150901-1347.jar:na]
	at org.eclipse.e4.ui.internal.workbench.swt.PartRenderingEngine.safeCreateGui(PartRenderingEngine.java:654) [org.eclipse.e4.ui.workbench.swt_0.13.0.v20150504-0621.jar:na]
	at org.eclipse.e4.ui.internal.workbench.swt.PartRenderingEngine$1.run(PartRenderingEngine.java:525) [org.eclipse.e4.ui.workbench.swt_0.13.0.v20150504-0621.jar:na]
	at org.eclipse.core.runtime.SafeRunner.run(SafeRunner.java:42) [org.eclipse.equinox.common_3.7.0.v20150402-1709.jar:na]
	at org.eclipse.e4.ui.internal.workbench.swt.PartRenderingEngine.createGui(PartRenderingEngine.java:509) [org.eclipse.e4.ui.workbench.swt_0.13.0.v20150504-0621.jar:na]
	at org.eclipse.e4.ui.workbench.renderers.swt.ElementReferenceRenderer.createWidget(ElementReferenceRenderer.java:69) [org.eclipse.e4.ui.workbench.renderers.swt_0.13.0.v20150901-1347.jar:na]
	at org.eclipse.e4.ui.internal.workbench.swt.PartRenderingEngine.createWidget(PartRenderingEngine.java:971) [org.eclipse.e4.ui.workbench.swt_0.13.0.v20150504-0621.jar:na]
	at org.eclipse.e4.ui.internal.workbench.swt.PartRenderingEngine.safeCreateGui(PartRenderingEngine.java:640) [org.eclipse.e4.ui.workbench.swt_0.13.0.v20150504-0621.jar:na]
	at org.eclipse.e4.ui.internal.workbench.swt.PartRenderingEngine.safeCreateGui(PartRenderingEngine.java:746) [org.eclipse.e4.ui.workbench.swt_0.13.0.v20150504-0621.jar:na]
	at org.eclipse.e4.ui.internal.workbench.swt.PartRenderingEngine.access$0(PartRenderingEngine.java:717) [org.eclipse.e4.ui.workbench.swt_0.13.0.v20150504-0621.jar:na]
	at org.eclipse.e4.ui.internal.workbench.swt.PartRenderingEngine$2.run(PartRenderingEngine.java:711) [org.eclipse.e4.ui.workbench.swt_0.13.0.v20150504-0621.jar:na]
	at org.eclipse.core.runtime.SafeRunner.run(SafeRunner.java:42) [org.eclipse.equinox.common_3.7.0.v20150402-1709.jar:na]
	at org.eclipse.e4.ui.internal.workbench.swt.PartRenderingEngine.createGui(PartRenderingEngine.java:695) [org.eclipse.e4.ui.workbench.swt_0.13.0.v20150504-0621.jar:na]
	at org.eclipse.e4.ui.workbench.renderers.swt.SWTPartRenderer.processContents(SWTPartRenderer.java:71) [org.eclipse.e4.ui.workbench.renderers.swt_0.13.0.v20150901-1347.jar:na]
	at org.eclipse.e4.ui.workbench.renderers.swt.SashRenderer.processContents(SashRenderer.java:151) [org.eclipse.e4.ui.workbench.renderers.swt_0.13.0.v20150901-1347.jar:na]
	at org.eclipse.e4.ui.internal.workbench.swt.PartRenderingEngine.safeCreateGui(PartRenderingEngine.java:654) [org.eclipse.e4.ui.workbench.swt_0.13.0.v20150504-0621.jar:na]
	at org.eclipse.e4.ui.internal.workbench.swt.PartRenderingEngine.safeCreateGui(PartRenderingEngine.java:746) [org.eclipse.e4.ui.workbench.swt_0.13.0.v20150504-0621.jar:na]
	at org.eclipse.e4.ui.internal.workbench.swt.PartRenderingEngine.access$0(PartRenderingEngine.java:717) [org.eclipse.e4.ui.workbench.swt_0.13.0.v20150504-0621.jar:na]
	at org.eclipse.e4.ui.internal.workbench.swt.PartRenderingEngine$2.run(PartRenderingEngine.java:711) [org.eclipse.e4.ui.workbench.swt_0.13.0.v20150504-0621.jar:na]
	at org.eclipse.core.runtime.SafeRunner.run(SafeRunner.java:42) [org.eclipse.equinox.common_3.7.0.v20150402-1709.jar:na]
	at org.eclipse.e4.ui.internal.workbench.swt.PartRenderingEngine.createGui(PartRenderingEngine.java:695) [org.eclipse.e4.ui.workbench.swt_0.13.0.v20150504-0621.jar:na]
	at org.eclipse.e4.ui.workbench.renderers.swt.SWTPartRenderer.processContents(SWTPartRenderer.java:71) [org.eclipse.e4.ui.workbench.renderers.swt_0.13.0.v20150901-1347.jar:na]
	at org.eclipse.e4.ui.workbench.renderers.swt.SashRenderer.processContents(SashRenderer.java:151) [org.eclipse.e4.ui.workbench.renderers.swt_0.13.0.v20150901-1347.jar:na]
	at org.eclipse.e4.ui.internal.workbench.swt.PartRenderingEngine.safeCreateGui(PartRenderingEngine.java:654) [org.eclipse.e4.ui.workbench.swt_0.13.0.v20150504-0621.jar:na]
	at org.eclipse.e4.ui.internal.workbench.swt.PartRenderingEngine.safeCreateGui(PartRenderingEngine.java:746) [org.eclipse.e4.ui.workbench.swt_0.13.0.v20150504-0621.jar:na]
	at org.eclipse.e4.ui.internal.workbench.swt.PartRenderingEngine.access$0(PartRenderingEngine.java:717) [org.eclipse.e4.ui.workbench.swt_0.13.0.v20150504-0621.jar:na]
	at org.eclipse.e4.ui.internal.workbench.swt.PartRenderingEngine$2.run(PartRenderingEngine.java:711) [org.eclipse.e4.ui.workbench.swt_0.13.0.v20150504-0621.jar:na]
	at org.eclipse.core.runtime.SafeRunner.run(SafeRunner.java:42) [org.eclipse.equinox.common_3.7.0.v20150402-1709.jar:na]
	at org.eclipse.e4.ui.internal.workbench.swt.PartRenderingEngine.createGui(PartRenderingEngine.java:695) [org.eclipse.e4.ui.workbench.swt_0.13.0.v20150504-0621.jar:na]
	at org.eclipse.e4.ui.workbench.renderers.swt.SWTPartRenderer.processContents(SWTPartRenderer.java:71) [org.eclipse.e4.ui.workbench.renderers.swt_0.13.0.v20150901-1347.jar:na]
	at org.eclipse.e4.ui.workbench.renderers.swt.SashRenderer.processContents(SashRenderer.java:151) [org.eclipse.e4.ui.workbench.renderers.swt_0.13.0.v20150901-1347.jar:na]
	at org.eclipse.e4.ui.internal.workbench.swt.PartRenderingEngine.safeCreateGui(PartRenderingEngine.java:654) [org.eclipse.e4.ui.workbench.swt_0.13.0.v20150504-0621.jar:na]
	at org.eclipse.e4.ui.internal.workbench.swt.PartRenderingEngine.safeCreateGui(PartRenderingEngine.java:746) [org.eclipse.e4.ui.workbench.swt_0.13.0.v20150504-0621.jar:na]
	at org.eclipse.e4.ui.internal.workbench.swt.PartRenderingEngine.access$0(PartRenderingEngine.java:717) [org.eclipse.e4.ui.workbench.swt_0.13.0.v20150504-0621.jar:na]
	at org.eclipse.e4.ui.internal.workbench.swt.PartRenderingEngine$2.run(PartRenderingEngine.java:711) [org.eclipse.e4.ui.workbench.swt_0.13.0.v20150504-0621.jar:na]
	at org.eclipse.core.runtime.SafeRunner.run(SafeRunner.java:42) [org.eclipse.equinox.common_3.7.0.v20150402-1709.jar:na]
	at org.eclipse.e4.ui.internal.workbench.swt.PartRenderingEngine.createGui(PartRenderingEngine.java:695) [org.eclipse.e4.ui.workbench.swt_0.13.0.v20150504-0621.jar:na]
	at org.eclipse.e4.ui.workbench.renderers.swt.SWTPartRenderer.processContents(SWTPartRenderer.java:71) [org.eclipse.e4.ui.workbench.renderers.swt_0.13.0.v20150901-1347.jar:na]
	at org.eclipse.e4.ui.workbench.renderers.swt.PerspectiveRenderer.processContents(PerspectiveRenderer.java:49) [org.eclipse.e4.ui.workbench.renderers.swt_0.13.0.v20150901-1347.jar:na]
	at org.eclipse.e4.ui.internal.workbench.swt.PartRenderingEngine.safeCreateGui(PartRenderingEngine.java:654) [org.eclipse.e4.ui.workbench.swt_0.13.0.v20150504-0621.jar:na]
	at org.eclipse.e4.ui.internal.workbench.swt.PartRenderingEngine.safeCreateGui(PartRenderingEngine.java:746) [org.eclipse.e4.ui.workbench.swt_0.13.0.v20150504-0621.jar:na]
	at org.eclipse.e4.ui.internal.workbench.swt.PartRenderingEngine.access$0(PartRenderingEngine.java:717) [org.eclipse.e4.ui.workbench.swt_0.13.0.v20150504-0621.jar:na]
	at org.eclipse.e4.ui.internal.workbench.swt.PartRenderingEngine$2.run(PartRenderingEngine.java:711) [org.eclipse.e4.ui.workbench.swt_0.13.0.v20150504-0621.jar:na]
	at org.eclipse.core.runtime.SafeRunner.run(SafeRunner.java:42) [org.eclipse.equinox.common_3.7.0.v20150402-1709.jar:na]
	at org.eclipse.e4.ui.internal.workbench.swt.PartRenderingEngine.createGui(PartRenderingEngine.java:695) [org.eclipse.e4.ui.workbench.swt_0.13.0.v20150504-0621.jar:na]
	at org.eclipse.e4.ui.workbench.renderers.swt.PerspectiveStackRenderer.showTab(PerspectiveStackRenderer.java:82) [org.eclipse.e4.ui.workbench.renderers.swt_0.13.0.v20150901-1347.jar:na]
	at org.eclipse.e4.ui.workbench.renderers.swt.LazyStackRenderer.postProcess(LazyStackRenderer.java:103) [org.eclipse.e4.ui.workbench.renderers.swt_0.13.0.v20150901-1347.jar:na]
	at org.eclipse.e4.ui.workbench.renderers.swt.PerspectiveStackRenderer.postProcess(PerspectiveStackRenderer.java:63) [org.eclipse.e4.ui.workbench.renderers.swt_0.13.0.v20150901-1347.jar:na]
	at org.eclipse.e4.ui.internal.workbench.swt.PartRenderingEngine.safeCreateGui(PartRenderingEngine.java:658) [org.eclipse.e4.ui.workbench.swt_0.13.0.v20150504-0621.jar:na]
	at org.eclipse.e4.ui.internal.workbench.swt.PartRenderingEngine.safeCreateGui(PartRenderingEngine.java:746) [org.eclipse.e4.ui.workbench.swt_0.13.0.v20150504-0621.jar:na]
	at org.eclipse.e4.ui.internal.workbench.swt.PartRenderingEngine.access$0(PartRenderingEngine.java:717) [org.eclipse.e4.ui.workbench.swt_0.13.0.v20150504-0621.jar:na]
	at org.eclipse.e4.ui.internal.workbench.swt.PartRenderingEngine$2.run(PartRenderingEngine.java:711) [org.eclipse.e4.ui.workbench.swt_0.13.0.v20150504-0621.jar:na]
	at org.eclipse.core.runtime.SafeRunner.run(SafeRunner.java:42) [org.eclipse.equinox.common_3.7.0.v20150402-1709.jar:na]
	at org.eclipse.e4.ui.internal.workbench.swt.PartRenderingEngine.createGui(PartRenderingEngine.java:695) [org.eclipse.e4.ui.workbench.swt_0.13.0.v20150504-0621.jar:na]
	at org.eclipse.e4.ui.workbench.renderers.swt.SWTPartRenderer.processContents(SWTPartRenderer.java:71) [org.eclipse.e4.ui.workbench.renderers.swt_0.13.0.v20150901-1347.jar:na]
	at org.eclipse.e4.ui.workbench.renderers.swt.SashRenderer.processContents(SashRenderer.java:151) [org.eclipse.e4.ui.workbench.renderers.swt_0.13.0.v20150901-1347.jar:na]
	at org.eclipse.e4.ui.internal.workbench.swt.PartRenderingEngine.safeCreateGui(PartRenderingEngine.java:654) [org.eclipse.e4.ui.workbench.swt_0.13.0.v20150504-0621.jar:na]
	at org.eclipse.e4.ui.internal.workbench.swt.PartRenderingEngine.safeCreateGui(PartRenderingEngine.java:746) [org.eclipse.e4.ui.workbench.swt_0.13.0.v20150504-0621.jar:na]
	at org.eclipse.e4.ui.internal.workbench.swt.PartRenderingEngine.access$0(PartRenderingEngine.java:717) [org.eclipse.e4.ui.workbench.swt_0.13.0.v20150504-0621.jar:na]
	at org.eclipse.e4.ui.internal.workbench.swt.PartRenderingEngine$2.run(PartRenderingEngine.java:711) [org.eclipse.e4.ui.workbench.swt_0.13.0.v20150504-0621.jar:na]
	at org.eclipse.core.runtime.SafeRunner.run(SafeRunner.java:42) [org.eclipse.equinox.common_3.7.0.v20150402-1709.jar:na]
	at org.eclipse.e4.ui.internal.workbench.swt.PartRenderingEngine.createGui(PartRenderingEngine.java:695) [org.eclipse.e4.ui.workbench.swt_0.13.0.v20150504-0621.jar:na]
	at org.eclipse.e4.ui.workbench.renderers.swt.SWTPartRenderer.processContents(SWTPartRenderer.java:71) [org.eclipse.e4.ui.workbench.renderers.swt_0.13.0.v20150901-1347.jar:na]
	at org.eclipse.e4.ui.workbench.renderers.swt.WBWRenderer.processContents(WBWRenderer.java:614) [org.eclipse.e4.ui.workbench.renderers.swt_0.13.0.v20150901-1347.jar:na]
	at org.eclipse.e4.ui.internal.workbench.swt.PartRenderingEngine.safeCreateGui(PartRenderingEngine.java:654) [org.eclipse.e4.ui.workbench.swt_0.13.0.v20150504-0621.jar:na]
	at org.eclipse.e4.ui.internal.workbench.swt.PartRenderingEngine.safeCreateGui(PartRenderingEngine.java:746) [org.eclipse.e4.ui.workbench.swt_0.13.0.v20150504-0621.jar:na]
	at org.eclipse.e4.ui.internal.workbench.swt.PartRenderingEngine.access$0(PartRenderingEngine.java:717) [org.eclipse.e4.ui.workbench.swt_0.13.0.v20150504-0621.jar:na]
	at org.eclipse.e4.ui.internal.workbench.swt.PartRenderingEngine$2.run(PartRenderingEngine.java:711) [org.eclipse.e4.ui.workbench.swt_0.13.0.v20150504-0621.jar:na]
	at org.eclipse.core.runtime.SafeRunner.run(SafeRunner.java:42) [org.eclipse.equinox.common_3.7.0.v20150402-1709.jar:na]
	at org.eclipse.e4.ui.internal.workbench.swt.PartRenderingEngine.createGui(PartRenderingEngine.java:695) [org.eclipse.e4.ui.workbench.swt_0.13.0.v20150504-0621.jar:na]
	at org.eclipse.e4.ui.internal.workbench.swt.PartRenderingEngine$4.run(PartRenderingEngine.java:1061) [org.eclipse.e4.ui.workbench.swt_0.13.0.v20150504-0621.jar:na]
	at org.eclipse.core.databinding.observable.Realm.runWithDefault(Realm.java:337) [org.eclipse.core.databinding.observable_1.5.0.v20150422-0725.jar:na]
	at org.eclipse.e4.ui.internal.workbench.swt.PartRenderingEngine.run(PartRenderingEngine.java:1018) [org.eclipse.e4.ui.workbench.swt_0.13.0.v20150504-0621.jar:na]
	at org.eclipse.e4.ui.internal.workbench.E4Workbench.createAndRunUI(E4Workbench.java:156) [org.eclipse.e4.ui.workbench_1.3.1.v20160203-0951.jar:na]
	at org.eclipse.ui.internal.Workbench$5.run(Workbench.java:694) [org.eclipse.ui.workbench_3.107.1.v20160120-2131.jar:na]
	at org.eclipse.core.databinding.observable.Realm.runWithDefault(Realm.java:337) [org.eclipse.core.databinding.observable_1.5.0.v20150422-0725.jar:na]
	at org.eclipse.ui.internal.Workbench.createAndRunWorkbench(Workbench.java:606) [org.eclipse.ui.workbench_3.107.1.v20160120-2131.jar:na]
	at org.eclipse.ui.PlatformUI.createAndRunWorkbench(PlatformUI.java:150) [org.eclipse.ui.workbench_3.107.1.v20160120-2131.jar:na]
	at org.eclipse.ui.internal.ide.application.IDEApplication.start(IDEApplication.java:139) [org.eclipse.ui.ide.application_1.1.0.v20150422-0725.jar:na]
	at org.eclipse.equinox.internal.app.EclipseAppHandle.run(EclipseAppHandle.java:196) [org.eclipse.equinox.app_1.3.300.v20150423-1356.jar:na]
	at org.eclipse.core.runtime.internal.adaptor.EclipseAppLauncher.runApplication(EclipseAppLauncher.java:134) [org.eclipse.osgi_3.10.102.v20160118-1700.jar:na]
	at org.eclipse.core.runtime.internal.adaptor.EclipseAppLauncher.start(EclipseAppLauncher.java:104) [org.eclipse.osgi_3.10.102.v20160118-1700.jar:na]
	at org.eclipse.core.runtime.adaptor.EclipseStarter.run(EclipseStarter.java:380) [org.eclipse.osgi_3.10.102.v20160118-1700.jar:na]
	at org.eclipse.core.runtime.adaptor.EclipseStarter.run(EclipseStarter.java:235) [org.eclipse.osgi_3.10.102.v20160118-1700.jar:na]
	at sun.reflect.NativeMethodAccessorImpl.invoke0(Native Method) ~[na:1.8.0_201]
	at sun.reflect.NativeMethodAccessorImpl.invoke(Unknown Source) ~[na:1.8.0_201]
	at sun.reflect.DelegatingMethodAccessorImpl.invoke(Unknown Source) ~[na:1.8.0_201]
	at java.lang.reflect.Method.invoke(Unknown Source) ~[na:1.8.0_201]
	at org.eclipse.equinox.launcher.Main.invokeFramework(Main.java:669) [org.eclipse.equinox.launcher_1.3.100.v20150511-1540.jar:na]
	at org.eclipse.equinox.launcher.Main.basicRun(Main.java:608) [org.eclipse.equinox.launcher_1.3.100.v20150511-1540.jar:na]
	at org.eclipse.equinox.launcher.Main.run(Main.java:1515) [org.eclipse.equinox.launcher_1.3.100.v20150511-1540.jar:na]
Caused by: org.eclipse.core.runtime.CoreException: Cannot determine URI for '/jw-project/pom.xml'.
	at org.eclipse.core.internal.filebuffers.ResourceFileBuffer.create(ResourceFileBuffer.java:238) ~[org.eclipse.core.filebuffers_3.5.500.v20140723-1040.jar:na]
	at org.eclipse.core.internal.filebuffers.TextFileBufferManager.connect(TextFileBufferManager.java:112) ~[org.eclipse.core.filebuffers_3.5.500.v20140723-1040.jar:na]
	at org.eclipse.ui.editors.text.TextFileDocumentProvider.createFileInfo(TextFileDocumentProvider.java:559) ~[org.eclipse.ui.editors_3.9.0.v20150213-1939.jar:na]
	at org.eclipse.ui.editors.text.TextFileDocumentProvider.connect(TextFileDocumentProvider.java:478) ~[org.eclipse.ui.editors_3.9.0.v20150213-1939.jar:na]
	at org.eclipse.ui.texteditor.AbstractTextEditor.doSetInput(AbstractTextEditor.java:4233) ~[org.eclipse.ui.workbench.texteditor_3.9.100.v20141023-1946.jar:na]
	at org.eclipse.ui.texteditor.StatusTextEditor.doSetInput(StatusTextEditor.java:237) ~[org.eclipse.ui.workbench.texteditor_3.9.100.v20141023-1946.jar:na]
	at org.eclipse.ui.texteditor.AbstractDecoratedTextEditor.doSetInput(AbstractDecoratedTextEditor.java:1480) ~[org.eclipse.ui.editors_3.9.0.v20150213-1939.jar:na]
	at org.eclipse.ui.editors.text.TextEditor.doSetInput(TextEditor.java:169) ~[org.eclipse.ui.editors_3.9.0.v20150213-1939.jar:na]
	at org.eclipse.wst.sse.ui.StructuredTextEditor.doSetInput(StructuredTextEditor.java:1943) ~[org.eclipse.wst.sse.ui_1.3.401.v201510130005.jar:na]
	at org.eclipse.ui.texteditor.AbstractTextEditor$19.run(AbstractTextEditor.java:3220) ~[org.eclipse.ui.workbench.texteditor_3.9.100.v20141023-1946.jar:na]
	at org.eclipse.ui.internal.WorkbenchWindow.run(WorkbenchWindow.java:2123) ~[org.eclipse.ui.workbench_3.107.1.v20160120-2131.jar:na]
	at org.eclipse.ui.texteditor.AbstractTextEditor.internalInit(AbstractTextEditor.java:3238) ~[org.eclipse.ui.workbench.texteditor_3.9.100.v20141023-1946.jar:na]
	... 134 common frames omitted
2019-10-17 14:43:47,759 [main] ERROR o.e.m2e.editor.pom.OverviewPage - Failed to populate overview panel
java.lang.NullPointerException: null
	at org.eclipse.m2e.core.ui.internal.editing.PomEdits.performOnDOMDocument(PomEdits.java:510) ~[org.eclipse.m2e.core.ui_1.6.2.20150902-0002.jar:na]
	at org.eclipse.m2e.editor.pom.OverviewPage$17.run(OverviewPage.java:1129) ~[na:na]
	at org.eclipse.swt.widgets.RunnableLock.run(RunnableLock.java:35) [org.eclipse.swt.win32.win32.x86_64_3.104.2.v20160212-1350.jar:na]
	at org.eclipse.swt.widgets.Synchronizer.runAsyncMessages(Synchronizer.java:135) [org.eclipse.swt.win32.win32.x86_64_3.104.2.v20160212-1350.jar:na]
	at org.eclipse.swt.widgets.Display.runAsyncMessages(Display.java:4155) [org.eclipse.swt.win32.win32.x86_64_3.104.2.v20160212-1350.jar:na]
	at org.eclipse.swt.widgets.Display.readAndDispatch(Display.java:3772) [org.eclipse.swt.win32.win32.x86_64_3.104.2.v20160212-1350.jar:na]
	at org.eclipse.e4.ui.internal.workbench.swt.PartRenderingEngine$4.run(PartRenderingEngine.java:1127) [org.eclipse.e4.ui.workbench.swt_0.13.0.v20150504-0621.jar:na]
	at org.eclipse.core.databinding.observable.Realm.runWithDefault(Realm.java:337) [org.eclipse.core.databinding.observable_1.5.0.v20150422-0725.jar:na]
	at org.eclipse.e4.ui.internal.workbench.swt.PartRenderingEngine.run(PartRenderingEngine.java:1018) [org.eclipse.e4.ui.workbench.swt_0.13.0.v20150504-0621.jar:na]
	at org.eclipse.e4.ui.internal.workbench.E4Workbench.createAndRunUI(E4Workbench.java:156) [org.eclipse.e4.ui.workbench_1.3.1.v20160203-0951.jar:na]
	at org.eclipse.ui.internal.Workbench$5.run(Workbench.java:694) [org.eclipse.ui.workbench_3.107.1.v20160120-2131.jar:na]
	at org.eclipse.core.databinding.observable.Realm.runWithDefault(Realm.java:337) [org.eclipse.core.databinding.observable_1.5.0.v20150422-0725.jar:na]
	at org.eclipse.ui.internal.Workbench.createAndRunWorkbench(Workbench.java:606) [org.eclipse.ui.workbench_3.107.1.v20160120-2131.jar:na]
	at org.eclipse.ui.PlatformUI.createAndRunWorkbench(PlatformUI.java:150) [org.eclipse.ui.workbench_3.107.1.v20160120-2131.jar:na]
	at org.eclipse.ui.internal.ide.application.IDEApplication.start(IDEApplication.java:139) [org.eclipse.ui.ide.application_1.1.0.v20150422-0725.jar:na]
	at org.eclipse.equinox.internal.app.EclipseAppHandle.run(EclipseAppHandle.java:196) [org.eclipse.equinox.app_1.3.300.v20150423-1356.jar:na]
	at org.eclipse.core.runtime.internal.adaptor.EclipseAppLauncher.runApplication(EclipseAppLauncher.java:134) [org.eclipse.osgi_3.10.102.v20160118-1700.jar:na]
	at org.eclipse.core.runtime.internal.adaptor.EclipseAppLauncher.start(EclipseAppLauncher.java:104) [org.eclipse.osgi_3.10.102.v20160118-1700.jar:na]
	at org.eclipse.core.runtime.adaptor.EclipseStarter.run(EclipseStarter.java:380) [org.eclipse.osgi_3.10.102.v20160118-1700.jar:na]
	at org.eclipse.core.runtime.adaptor.EclipseStarter.run(EclipseStarter.java:235) [org.eclipse.osgi_3.10.102.v20160118-1700.jar:na]
	at sun.reflect.NativeMethodAccessorImpl.invoke0(Native Method) ~[na:1.8.0_201]
	at sun.reflect.NativeMethodAccessorImpl.invoke(Unknown Source) ~[na:1.8.0_201]
	at sun.reflect.DelegatingMethodAccessorImpl.invoke(Unknown Source) ~[na:1.8.0_201]
	at java.lang.reflect.Method.invoke(Unknown Source) ~[na:1.8.0_201]
	at org.eclipse.equinox.launcher.Main.invokeFramework(Main.java:669) [org.eclipse.equinox.launcher_1.3.100.v20150511-1540.jar:na]
	at org.eclipse.equinox.launcher.Main.basicRun(Main.java:608) [org.eclipse.equinox.launcher_1.3.100.v20150511-1540.jar:na]
	at org.eclipse.equinox.launcher.Main.run(Main.java:1515) [org.eclipse.equinox.launcher_1.3.100.v20150511-1540.jar:na]
